============================================================
  Generated by:           Genus(TM) Synthesis Solution 20.11-s111_1
  Generated on:           Feb 05 2024  11:59:39 pm
  Module:                 fifo
  Technology libraries:   tsl18fs120_scl_ss 1
                          tsl18cio150_max 1.0
                          tsl18fs120_scl_ss 1
                          tsl18cio150_max 1.0
  Operating conditions:   tsl18cio150_max (worst_case_tree)
  Wireload mode:          enclosed
  Area mode:              timing library
============================================================

Timing
--------

    Clock     Period 
---------------------
rd_vir_clk_i 30000.0 
read_clk     30000.0 
wr_vir_clk_i 15000.0 
write_clk    15000.0 


    Cost       Critical         Violating 
    Group     Path Slack  TNS     Paths   
------------------------------------------
default         No paths   0.0            
I2O             No paths   0.0            
I2R               3784.5   0.0          0 
R2O              14408.6   0.0          0 
R2R               6832.3   0.0          0 
rd_vir_clk_i    No paths   0.0            
read_clk        No paths   0.0            
wr_vir_clk_i    No paths   0.0            
write_clk       No paths   0.0            
------------------------------------------
Total                      0.0          0 

Instance Count
--------------
Leaf Instance Count             376 
Physical Instance count           0 
Sequential Instance Count       172 
Combinational Instance Count    204 
Hierarchical Instance Count       7 

Area
----
Cell Area                          51293.691
Physical Cell Area                 0.000
Total Cell Area (Cell+Physical)    51293.691
Net Area                           205.852
Total Area (Cell+Physical+Net)     51499.543

Runtime                            0.0 seconds
Elapsed Runtime                    78 seconds
Genus peak memory usage            1221.29 
Innovus peak memory usage          no_value 
Hostname                           cdac
